
==============================================
VAST Data 5.4 - Proxmox Installation Script
==============================================

Log file: /home/centos/vast_install_20251229_183106.log

[2025-12-29 18:31:06] [STEP] Phase 1: System checks

[0;34m==>[0m [0;34mPhase 1: System checks[0m
[2025-12-29 18:31:06] [INFO] Management IP: 192.168.30.109
[0;32m[INFO][0m Management IP: 192.168.30.109
[0;32m[INFO][0m Management Interface: eth0
[2025-12-29 18:31:06] [INFO] Management Interface: eth0
[2025-12-29 18:31:06] [WARN] Only 12 CPU cores available (24 minimum, 32 recommended)
[1;33m[WARN][0m Only 12 CPU cores available (24 minimum, 32 recommended)
[2025-12-29 18:31:06] [WARN] 117GB RAM available (128GB recommended for safety margin)
[1;33m[WARN][0m 117GB RAM available (128GB recommended for safety margin)
[2025-12-29 18:31:06] [INFO] Disk space: 992GB ✓
[0;32m[INFO][0m Disk space: 992GB ✓
[2025-12-29 18:31:06] [INFO] Virtualization: KVM/Proxmox ✓
[0;32m[INFO][0m Virtualization: KVM/Proxmox ✓
[2025-12-29 18:31:06] [INFO] VAST bundle found ✓
[0;32m[INFO][0m VAST bundle found ✓
[2025-12-29 18:31:06] [INFO] Bootstrap script found ✓
[0;32m[INFO][0m Bootstrap script found ✓
[2025-12-29 18:31:06] [STEP] Phase 2: Docker installation

[0;34m==>[0m [0;34mPhase 2: Docker installation[0m
[2025-12-29 18:31:06] [INFO] Docker already installed ✓
[0;32m[INFO][0m Docker already installed ✓
[2025-12-29 18:31:06] [ERROR] User is not in docker group. This should not happen.
[0;31m[ERROR][0m User is not in docker group. This should not happen.
