[2025-12-29 18:31:19] [STEP] Phase 1: System checks
[2025-12-29 18:31:19] [INFO] Management IP: 192.168.30.109
[2025-12-29 18:31:19] [INFO] Management Interface: eth0
[2025-12-29 18:31:19] [WARN] Only 12 CPU cores available (24 minimum, 32 recommended)
[2025-12-29 18:31:19] [WARN] 117GB RAM available (128GB recommended for safety margin)
[2025-12-29 18:31:19] [INFO] Disk space: 992GB ✓
[2025-12-29 18:31:19] [INFO] Virtualization: KVM/Proxmox ✓
[2025-12-29 18:31:19] [INFO] VAST bundle found ✓
[2025-12-29 18:31:19] [INFO] Bootstrap script found ✓
[2025-12-29 18:31:19] [STEP] Phase 2: Docker installation
[2025-12-29 18:31:19] [INFO] Docker already installed ✓
[2025-12-29 18:31:19] [INFO] Docker access confirmed ✓
[2025-12-29 18:31:19] [INFO] Docker is accessible ✓
[2025-12-29 18:31:19] [STEP] Phase 3: Proxmox integration
[2025-12-29 18:31:19] [INFO] qemu-guest-agent already installed ✓
[2025-12-29 18:31:19] [STEP] Phase 4: Network configuration
[2025-12-29 18:31:19] [INFO] IPv6 disabled on eth0 ✓
[2025-12-29 18:31:19] [INFO] Firewall not active, skipping ✓
[2025-12-29 18:31:19] [STEP] Phase 5: Preparing VAST directories
[2025-12-29 18:31:19] [INFO] Directories created ✓
[2025-12-29 18:31:19] [INFO] Local registry cache configured ✓
[2025-12-29 18:31:19] [INFO] Adding registry DNS entry to /etc/hosts...
[2025-12-29 18:31:19] [INFO] Registry DNS configured ✓
[2025-12-29 18:31:19] [INFO] Configuring Docker for local registry...
[2025-12-29 18:31:22] [INFO] Docker registry configuration ✓
[2025-12-29 18:31:22] [INFO] VAST OS release configured ✓
[2025-12-29 18:31:22] [STEP] Phase 6: SSH key setup
[2025-12-29 18:31:22] [INFO] Setting up SSH keys...
[2025-12-29 18:31:22] [INFO] SSH keys configured ✓
[2025-12-29 18:31:22] [STEP] Phase 7: Cleaning up any previous installation
[2025-12-29 18:31:22] [INFO] Stopping existing VAST containers...
[2025-12-29 18:31:22] [INFO] Hugepages cleared ✓
[2025-12-29 18:31:22] [INFO] Cleanup complete ✓
[2025-12-29 18:31:22] [STEP] Phase 8: Running VAST bootstrap
[2025-12-29 18:31:22] [INFO] This will take 10-20 minutes. Please wait...
Taking first package
using package ./vastdata_release_2043819.vast.tar.gz
using build 2043819
unpacking ./vastdata_release_2043819.vast.tar.gz
