
==============================================
VAST Data 5.4 - Proxmox Installation Script
==============================================

Log file: /home/centos/vast_install_20251229_182910.log


[0;34m==>[0m [0;34mPhase 1: System checks[0m
[0;32m[INFO][0m Management IP: 192.168.30.109
[0;32m[INFO][0m Management Interface: eth0
[1;33m[WARN][0m Only 12 CPU cores available (24 minimum, 32 recommended)
[1;33m[WARN][0m 117GB RAM available (128GB recommended for safety margin)
[0;32m[INFO][0m Disk space: 992GB ✓
[0;32m[INFO][0m Virtualization: KVM/Proxmox ✓
[0;32m[INFO][0m VAST bundle found ✓
[0;32m[INFO][0m Bootstrap script found ✓

[0;34m==>[0m [0;34mPhase 2: Docker installation[0m
[0;32m[INFO][0m Installing Docker CE...
Last metadata expiration check: 0:19:54 ago on Mon 29 Dec 2025 06:09:17 PM UTC.
Dependencies resolved.
================================================================================================
 Package                     Arch    Version                                    Repo        Size
================================================================================================
Installing:
 containerd.io               x86_64  1.6.32-3.1.el8                             docker-ce   35 M
 docker-ce                   x86_64  3:26.1.3-1.el8                             docker-ce   27 M
 docker-ce-cli               x86_64  1:26.1.3-1.el8                             docker-ce  7.8 M
 docker-compose-plugin       x86_64  2.27.0-1.el8                               docker-ce   13 M
Installing dependencies:
 container-selinux           noarch  2:2.229.0-2.module+el8.10.0+40047+0c0a73f4 appstream   70 k
 fuse-common                 x86_64  3.3.0-19.el8                               baseos      21 k
 fuse-overlayfs              x86_64  1.13-1.module+el8.10.0+40047+0c0a73f4      appstream   69 k
 fuse3                       x86_64  3.3.0-19.el8                               baseos      54 k
 fuse3-libs                  x86_64  3.3.0-19.el8                               baseos      95 k
 libcgroup                   x86_64  0.41-19.el8                                baseos      69 k
 libslirp                    x86_64  4.4.0-2.module+el8.10.0+40047+0c0a73f4     appstream   69 k
 slirp4netns                 x86_64  1.2.3-1.module+el8.10.0+40047+0c0a73f4     appstream   55 k
Installing weak dependencies:
 docker-buildx-plugin        x86_64  0.14.0-1.el8                               docker-ce   14 M
 docker-ce-rootless-extras   x86_64  26.1.3-1.el8                               docker-ce  5.0 M
Enabling module streams:
 container-tools                     rhel8                                                      

Transaction Summary
================================================================================================
Install  14 Packages

Total download size: 103 M
Installed size: 390 M
Downloading Packages:
(1/14): fuse-overlayfs-1.13-1.module+el8.10.0+4 639 kB/s |  69 kB     00:00    
(2/14): slirp4netns-1.2.3-1.module+el8.10.0+400 1.5 MB/s |  55 kB     00:00    
(3/14): libslirp-4.4.0-2.module+el8.10.0+40047+ 435 kB/s |  69 kB     00:00    
(4/14): container-selinux-2.229.0-2.module+el8. 432 kB/s |  70 kB     00:00    
(5/14): fuse-common-3.3.0-19.el8.x86_64.rpm     213 kB/s |  21 kB     00:00    
(6/14): fuse3-3.3.0-19.el8.x86_64.rpm           375 kB/s |  54 kB     00:00    
(7/14): fuse3-libs-3.3.0-19.el8.x86_64.rpm      660 kB/s |  95 kB     00:00    
(8/14): libcgroup-0.41-19.el8.x86_64.rpm        534 kB/s |  69 kB     00:00    
(9/14): docker-buildx-plugin-0.14.0-1.el8.x86_6  19 MB/s |  14 MB     00:00    
(10/14): docker-ce-cli-26.1.3-1.el8.x86_64.rpm   18 MB/s | 7.8 MB     00:00    
(11/14): docker-ce-rootless-extras-26.1.3-1.el8  15 MB/s | 5.0 MB     00:00    
(12/14): docker-ce-26.1.3-1.el8.x86_64.rpm       19 MB/s |  27 MB     00:01    
(13/14): containerd.io-1.6.32-3.1.el8.x86_64.rp  22 MB/s |  35 MB     00:01    
(14/14): docker-compose-plugin-2.27.0-1.el8.x86  35 MB/s |  13 MB     00:00    
--------------------------------------------------------------------------------
Total                                            45 MB/s | 103 MB     00:02     
Docker CE Repository                             73 kB/s | 1.6 kB     00:00    
Importing GPG key 0x621E9F35:
 Userid     : "Docker Release (CE rpm) <docker@docker.com>"
 Fingerprint: 060A 61C5 1B55 8A7F 742B 77AA C52F EB6B 621E 9F35
 From       : https://download.docker.com/linux/centos/gpg
Key imported successfully
Running transaction check
Transaction check succeeded.
Running transaction test
Transaction test succeeded.
Running transaction
  Preparing        :                                                        1/1 
  Installing       : docker-compose-plugin-2.27.0-1.el8.x86_64             1/14 
  Running scriptlet: docker-compose-plugin-2.27.0-1.el8.x86_64             1/14 
  Installing       : fuse3-libs-3.3.0-19.el8.x86_64                        2/14 
  Running scriptlet: fuse3-libs-3.3.0-19.el8.x86_64                        2/14 
  Running scriptlet: container-selinux-2:2.229.0-2.module+el8.10.0+4004    3/14 
  Installing       : container-selinux-2:2.229.0-2.module+el8.10.0+4004    3/14 
  Running scriptlet: container-selinux-2:2.229.0-2.module+el8.10.0+4004    3/14+el8.10.0+4004    3/14 
  Running scriptlet: container-selinux-2:2.229.0-2.module+el8.10.0+4004    3/14